{
  "RSpec": {
    "coverage": {
      "/home/hp/Desktop/Mohit_rails/Blog_Posting_Active_Admin/app/controllers/application_controller.rb": {
        "lines": [
          null,
          null,
          null,
          1,
          1,
          1,
          null,
          1,
          null,
          1,
          0,
          null,
          null,
          1,
          0,
          null,
          null,
          1,
          null,
          1,
          0,
          null,
          0,
          null,
          0,
          0,
          0,
          0,
          null,
          0,
          null,
          null,
          1,
          null,
          1,
          0,
          null,
          null
        ]
      },
      "/home/hp/Desktop/Mohit_rails/Blog_Posting_Active_Admin/app/helpers/application_helper.rb": {
        "lines": [
          null,
          null,
          null,
          1,
          null
        ]
      },
      "/home/hp/Desktop/Mohit_rails/Blog_Posting_Active_Admin/app/controllers/concerns/jwt_token.rb": {
        "lines": [
          null,
          null,
          1,
          null,
          1,
          1,
          null,
          1,
          null,
          1,
          0,
          0,
          null,
          null,
          1,
          0,
          0,
          null,
          null
        ]
      },
      "/home/hp/Desktop/Mohit_rails/Blog_Posting_Active_Admin/app/models/admin_user.rb": {
        "lines": [
          null,
          null,
          null,
          1,
          null,
          null,
          1,
          null,
          1,
          0,
          null,
          null,
          null
        ]
      },
      "/home/hp/Desktop/Mohit_rails/Blog_Posting_Active_Admin/app/models/application_record.rb": {
        "lines": [
          null,
          null,
          null,
          1,
          1,
          null
        ]
      },
      "/home/hp/Desktop/Mohit_rails/Blog_Posting_Active_Admin/app/admin/admin_users.rb": {
        "lines": [
          null,
          null,
          1,
          1,
          null,
          1,
          0,
          0,
          0,
          0,
          0,
          0,
          0,
          null,
          null,
          1,
          1,
          1,
          1,
          null,
          1,
          0,
          0,
          0,
          0,
          null,
          0,
          null,
          null
        ]
      },
      "/home/hp/Desktop/Mohit_rails/Blog_Posting_Active_Admin/app/admin/blog_views.rb": {
        "lines": [
          null,
          null,
          1,
          null,
          null,
          null,
          null,
          null,
          null,
          null,
          null,
          null,
          null,
          null,
          null,
          null,
          null,
          1,
          0,
          0,
          0,
          0,
          null,
          1,
          1,
          1,
          0,
          0,
          0,
          0,
          null,
          0,
          null,
          1,
          0,
          0,
          0,
          0,
          null,
          null,
          1,
          null
        ]
      },
      "/home/hp/Desktop/Mohit_rails/Blog_Posting_Active_Admin/app/models/blog_view.rb": {
        "lines": [
          null,
          null,
          null,
          1,
          1,
          1,
          1,
          0,
          null,
          null
        ]
      },
      "/home/hp/Desktop/Mohit_rails/Blog_Posting_Active_Admin/app/admin/blogs.rb": {
        "lines": [
          null,
          null,
          1,
          null,
          null,
          null,
          null,
          null,
          null,
          null,
          null,
          null,
          null,
          null,
          null,
          null,
          null,
          1,
          0,
          0,
          0,
          0,
          0,
          0,
          null,
          1,
          1,
          1,
          0,
          0,
          0,
          0,
          0,
          null,
          0,
          null,
          1,
          0,
          0,
          0,
          0,
          null,
          null,
          null,
          null,
          null,
          null,
          1,
          null
        ]
      },
      "/home/hp/Desktop/Mohit_rails/Blog_Posting_Active_Admin/app/models/blog.rb": {
        "lines": [
          null,
          null,
          null,
          1,
          1,
          1,
          null,
          1,
          null,
          1,
          0,
          null,
          null,
          1,
          0,
          null,
          null
        ]
      },
      "/home/hp/Desktop/Mohit_rails/Blog_Posting_Active_Admin/app/admin/dashboard.rb": {
        "lines": [
          null,
          null,
          1,
          1,
          null,
          1,
          0,
          0,
          0,
          0,
          null,
          null,
          null,
          null,
          null,
          null,
          null,
          null,
          null,
          null,
          null,
          null,
          null,
          null,
          null,
          null,
          null,
          null,
          null,
          null,
          null,
          null,
          null,
          null
        ]
      },
      "/home/hp/Desktop/Mohit_rails/Blog_Posting_Active_Admin/app/admin/plans.rb": {
        "lines": [
          null,
          null,
          1,
          1,
          0,
          0,
          0,
          0,
          0,
          0,
          null,
          1,
          1,
          1,
          0,
          0,
          0,
          0,
          0,
          null,
          0,
          null,
          1,
          0,
          0,
          0,
          0,
          0,
          null,
          null,
          1,
          null
        ]
      },
      "/home/hp/Desktop/Mohit_rails/Blog_Posting_Active_Admin/app/models/plan.rb": {
        "lines": [
          null,
          null,
          null,
          1,
          1,
          1,
          1,
          1,
          1,
          1,
          0,
          null,
          null,
          1,
          0,
          null,
          null
        ]
      },
      "/home/hp/Desktop/Mohit_rails/Blog_Posting_Active_Admin/app/admin/subscriptions.rb": {
        "lines": [
          null,
          null,
          1,
          1,
          0,
          0,
          0,
          0,
          0,
          0,
          0,
          null,
          1,
          1,
          1,
          1,
          1,
          0,
          0,
          0,
          0,
          0,
          0,
          0,
          null,
          0,
          null,
          1,
          0,
          0,
          0,
          0,
          0,
          0,
          0,
          null,
          null,
          1,
          null
        ]
      },
      "/home/hp/Desktop/Mohit_rails/Blog_Posting_Active_Admin/app/models/subscription.rb": {
        "lines": [
          null,
          null,
          null,
          1,
          1,
          1,
          1,
          1,
          1,
          0,
          null,
          0,
          0,
          null,
          null,
          1,
          0,
          null,
          null
        ]
      },
      "/home/hp/Desktop/Mohit_rails/Blog_Posting_Active_Admin/app/admin/users.rb": {
        "lines": [
          null,
          null,
          1,
          null,
          null,
          null,
          null,
          null,
          null,
          null,
          null,
          null,
          null,
          null,
          null,
          null,
          null,
          1,
          0,
          0,
          0,
          0,
          0,
          null,
          1,
          1,
          1,
          null,
          1,
          1,
          0,
          0,
          0,
          0,
          0,
          0,
          0,
          0,
          null,
          0,
          null,
          1,
          0,
          0,
          0,
          0,
          0,
          0,
          0,
          null,
          null,
          null,
          null,
          null,
          null,
          null,
          null,
          1,
          null
        ]
      },
      "/home/hp/Desktop/Mohit_rails/Blog_Posting_Active_Admin/app/models/user.rb": {
        "lines": [
          null,
          null,
          null,
          1,
          1,
          1,
          1,
          1,
          1,
          1,
          null,
          1,
          null,
          1,
          null,
          null,
          null,
          null,
          null,
          null,
          null,
          1,
          3,
          null,
          1,
          0,
          null,
          0,
          null,
          null,
          1,
          0,
          0,
          null,
          null,
          1,
          0,
          0,
          null,
          null,
          1,
          0,
          0,
          null,
          null,
          1,
          0,
          null,
          null,
          1,
          0,
          null,
          null,
          1,
          0,
          null,
          null,
          null,
          1,
          0,
          null,
          null
        ]
      },
      "/home/hp/Desktop/Mohit_rails/Blog_Posting_Active_Admin/app/controllers/subscriptions_controller.rb": {
        "lines": [
          null,
          null,
          null,
          1,
          1,
          1,
          1,
          1,
          0,
          0,
          null,
          null,
          1,
          0,
          null,
          null,
          1,
          0,
          0,
          0,
          0,
          0,
          0,
          null,
          0,
          0,
          null,
          null,
          0,
          null,
          null,
          null,
          1,
          0,
          0,
          null,
          0,
          null,
          null,
          null,
          1,
          0,
          0,
          null,
          0,
          null,
          null,
          null,
          1,
          null,
          1,
          0,
          null,
          null,
          null,
          null,
          null,
          null,
          null,
          null,
          null,
          1,
          0,
          0,
          0,
          null,
          null,
          null
        ]
      },
      "/home/hp/Desktop/Mohit_rails/Blog_Posting_Active_Admin/app/models/normal.rb": {
        "lines": [
          null,
          null,
          null,
          1,
          null
        ]
      },
      "/home/hp/Desktop/Mohit_rails/Blog_Posting_Active_Admin/app/models/ability.rb": {
        "lines": [
          null,
          null,
          null,
          0,
          0,
          null,
          0,
          0,
          null,
          0,
          null,
          null,
          0,
          0,
          0,
          0,
          0,
          0,
          0,
          0,
          0,
          0,
          null,
          null
        ]
      },
      "/home/hp/Desktop/Mohit_rails/Blog_Posting_Active_Admin/app/serializers/subscription_serializer.rb": {
        "lines": [
          null,
          null,
          null,
          0,
          0,
          null
        ]
      },
      "/home/hp/Desktop/Mohit_rails/Blog_Posting_Active_Admin/app/channels/application_cable/channel.rb": {
        "lines": [
          null,
          null,
          0,
          0,
          0,
          0
        ],
        "branches": {
        }
      },
      "/home/hp/Desktop/Mohit_rails/Blog_Posting_Active_Admin/app/channels/application_cable/connection.rb": {
        "lines": [
          null,
          null,
          0,
          0,
          0,
          0
        ],
        "branches": {
        }
      },
      "/home/hp/Desktop/Mohit_rails/Blog_Posting_Active_Admin/app/controllers/authentication_controller.rb": {
        "lines": [
          null,
          null,
          null,
          0,
          0,
          0,
          0,
          0,
          0,
          0,
          0,
          0,
          0,
          0,
          0,
          0,
          0,
          0,
          0
        ],
        "branches": {
        }
      },
      "/home/hp/Desktop/Mohit_rails/Blog_Posting_Active_Admin/app/controllers/blogs_controller.rb": {
        "lines": [
          null,
          null,
          null,
          0,
          0,
          0,
          0,
          0,
          0,
          0,
          0,
          0,
          0,
          0,
          0,
          0,
          0,
          0,
          0,
          0,
          null,
          0,
          0,
          0,
          0,
          0,
          0,
          0,
          0,
          0,
          0,
          0,
          0,
          0,
          null,
          0,
          0,
          0,
          0,
          0,
          0,
          0,
          0,
          0,
          0,
          null,
          0,
          0,
          0,
          0,
          0,
          0,
          0,
          0,
          0,
          0,
          0,
          0,
          null,
          0,
          0,
          0,
          0,
          0,
          0,
          0,
          0,
          null,
          0,
          0,
          null,
          0,
          0,
          0,
          0,
          0,
          0,
          0,
          null,
          0,
          0,
          0,
          0,
          0,
          0,
          0,
          0,
          null,
          0,
          0,
          null,
          0,
          0,
          0,
          0,
          0,
          0,
          0,
          null,
          0,
          null,
          0,
          0,
          0,
          0,
          0,
          0,
          0,
          null,
          0,
          0,
          0,
          0
        ],
        "branches": {
        }
      },
      "/home/hp/Desktop/Mohit_rails/Blog_Posting_Active_Admin/app/controllers/plans_controller.rb": {
        "lines": [
          null,
          null,
          null,
          0,
          0,
          0,
          null,
          0,
          0,
          0,
          0,
          null,
          0,
          0,
          0,
          null,
          0,
          0,
          0,
          0,
          0,
          0,
          0,
          0,
          null,
          0,
          0,
          0,
          0,
          0,
          0,
          0,
          null,
          0,
          0,
          0,
          0,
          0,
          0,
          0,
          null,
          0,
          null,
          0,
          0,
          0,
          0,
          0,
          0,
          0,
          0,
          null,
          0,
          0,
          0,
          0,
          0,
          0,
          0,
          0
        ],
        "branches": {
        }
      },
      "/home/hp/Desktop/Mohit_rails/Blog_Posting_Active_Admin/app/controllers/users_controller.rb": {
        "lines": [
          null,
          null,
          null,
          0,
          0,
          null,
          0,
          0,
          0,
          null,
          0,
          null,
          0,
          0,
          0,
          null,
          0,
          0,
          0,
          0,
          0,
          0,
          0,
          0,
          0,
          null,
          0,
          0,
          null,
          0,
          0,
          0,
          0,
          0,
          0,
          0,
          0,
          0,
          null,
          0,
          0,
          0,
          0,
          0,
          0,
          0,
          0,
          0,
          0,
          0,
          0,
          0,
          0,
          null,
          0,
          0,
          0,
          0,
          0,
          0,
          0,
          null,
          0,
          null,
          0,
          0,
          0,
          0,
          0,
          0,
          0,
          0,
          0,
          0,
          0
        ],
        "branches": {
        }
      },
      "/home/hp/Desktop/Mohit_rails/Blog_Posting_Active_Admin/app/jobs/application_job.rb": {
        "lines": [
          null,
          null,
          null,
          0,
          null,
          null,
          null,
          null,
          null,
          0
        ],
        "branches": {
        }
      },
      "/home/hp/Desktop/Mohit_rails/Blog_Posting_Active_Admin/app/jobs/auto_renewal_job.rb": {
        "lines": [
          null,
          null,
          null,
          0,
          0,
          null,
          0,
          0,
          0,
          0,
          0
        ],
        "branches": {
        }
      },
      "/home/hp/Desktop/Mohit_rails/Blog_Posting_Active_Admin/app/jobs/expiration_notification_job.rb": {
        "lines": [
          null,
          null,
          null,
          0,
          0,
          null,
          0,
          0,
          0,
          0,
          0,
          0,
          0
        ],
        "branches": {
        }
      },
      "/home/hp/Desktop/Mohit_rails/Blog_Posting_Active_Admin/app/jobs/reset_user_blog_views_job.rb": {
        "lines": [
          null,
          null,
          null,
          0,
          0,
          null,
          0,
          0,
          0,
          0,
          0
        ],
        "branches": {
        }
      },
      "/home/hp/Desktop/Mohit_rails/Blog_Posting_Active_Admin/app/jobs/resetblogview_job.rb": {
        "lines": [
          null,
          null,
          null,
          0,
          0,
          null,
          0,
          0,
          0,
          0,
          0
        ],
        "branches": {
        }
      },
      "/home/hp/Desktop/Mohit_rails/Blog_Posting_Active_Admin/app/jobs/subscription_expiration_job.rb": {
        "lines": [
          null,
          null,
          null,
          0,
          0,
          0,
          0,
          0,
          0,
          0
        ],
        "branches": {
        }
      },
      "/home/hp/Desktop/Mohit_rails/Blog_Posting_Active_Admin/app/jobs/update_subscription_status_job.rb": {
        "lines": [
          0,
          0,
          null,
          0,
          0,
          0,
          0,
          0
        ],
        "branches": {
        }
      },
      "/home/hp/Desktop/Mohit_rails/Blog_Posting_Active_Admin/app/mailers/application_mailer.rb": {
        "lines": [
          null,
          null,
          null,
          0,
          0,
          0,
          0
        ],
        "branches": {
        }
      },
      "/home/hp/Desktop/Mohit_rails/Blog_Posting_Active_Admin/app/mailers/user_mailer.rb": {
        "lines": [
          null,
          null,
          null,
          0,
          0,
          0,
          0,
          0,
          null,
          0,
          0,
          0,
          0,
          null,
          0,
          0,
          0,
          0,
          0
        ],
        "branches": {
        }
      },
      "/home/hp/Desktop/Mohit_rails/Blog_Posting_Active_Admin/app/models/premium.rb": {
        "lines": [
          null,
          null,
          null,
          0,
          0
        ],
        "branches": {
        }
      },
      "/home/hp/Desktop/Mohit_rails/Blog_Posting_Active_Admin/app/serializers/blog_serializer.rb": {
        "lines": [
          null,
          null,
          null,
          0,
          0,
          0
        ],
        "branches": {
        }
      },
      "/home/hp/Desktop/Mohit_rails/Blog_Posting_Active_Admin/app/serializers/plan_serializer.rb": {
        "lines": [
          null,
          null,
          null,
          0,
          0,
          0
        ],
        "branches": {
        }
      },
      "/home/hp/Desktop/Mohit_rails/Blog_Posting_Active_Admin/app/serializers/user_serializer.rb": {
        "lines": [
          null,
          null,
          null,
          0,
          0,
          null,
          0,
          0,
          0,
          0
        ],
        "branches": {
        }
      },
      "/home/hp/Desktop/Mohit_rails/Blog_Posting_Active_Admin/app/workers/post_publish_scheduler.rb": {
        "lines": [
          null,
          null,
          0,
          null,
          null,
          0,
          0,
          0,
          0,
          0,
          0,
          0,
          0,
          0
        ],
        "branches": {
        }
      }
    },
    "timestamp": 1699019922
  }
}
