{
  "RSpec": {
    "coverage": {
      "/home/hp/Desktop/Blog_Posting/app/controllers/application_controller.rb": {
        "lines": [
          null,
          null,
          null,
          1,
          1,
          1,
          null,
          1,
          null,
          1,
          14,
          null,
          null,
          1,
          0,
          null,
          null,
          1,
          null,
          1,
          11,
          null,
          11,
          7,
          4,
          0,
          null,
          4,
          null,
          null,
          null,
          1,
          null,
          1,
          0,
          null,
          null
        ]
      },
      "/home/hp/Desktop/Blog_Posting/app/helpers/application_helper.rb": {
        "lines": [
          null,
          null,
          null,
          1,
          null
        ]
      },
      "/home/hp/Desktop/Blog_Posting/app/controllers/concerns/jwt_token.rb": {
        "lines": [
          null,
          null,
          1,
          null,
          1,
          1,
          null,
          1,
          null,
          1,
          10,
          10,
          null,
          null,
          1,
          11,
          7,
          null,
          null
        ]
      },
      "/home/hp/Desktop/Blog_Posting/app/models/admin_user.rb": {
        "lines": [
          null,
          null,
          null,
          1,
          null,
          null,
          1,
          null,
          1,
          0,
          null,
          null,
          null
        ]
      },
      "/home/hp/Desktop/Blog_Posting/app/models/application_record.rb": {
        "lines": [
          null,
          null,
          null,
          1,
          1,
          null
        ]
      },
      "/home/hp/Desktop/Blog_Posting/app/admin/admin_users.rb": {
        "lines": [
          null,
          null,
          1,
          1,
          null,
          1,
          0,
          0,
          0,
          0,
          0,
          0,
          0,
          null,
          null,
          1,
          1,
          1,
          1,
          null,
          1,
          0,
          0,
          0,
          0,
          null,
          0,
          null,
          null
        ]
      },
      "/home/hp/Desktop/Blog_Posting/app/admin/blog_views.rb": {
        "lines": [
          null,
          null,
          1,
          null,
          null,
          null,
          null,
          null,
          null,
          null,
          null,
          null,
          null,
          null,
          null,
          null,
          null,
          1,
          0,
          0,
          0,
          0,
          null,
          1,
          1,
          1,
          0,
          0,
          0,
          0,
          null,
          0,
          null,
          1,
          0,
          0,
          0,
          0,
          null,
          null,
          1,
          null
        ]
      },
      "/home/hp/Desktop/Blog_Posting/app/models/blog_view.rb": {
        "lines": [
          null,
          null,
          null,
          1,
          1,
          1,
          1,
          0,
          null,
          null
        ]
      },
      "/home/hp/Desktop/Blog_Posting/app/admin/blogs.rb": {
        "lines": [
          null,
          null,
          1,
          null,
          null,
          null,
          null,
          null,
          null,
          null,
          null,
          null,
          null,
          null,
          null,
          null,
          null,
          1,
          0,
          0,
          0,
          0,
          0,
          0,
          null,
          1,
          1,
          1,
          0,
          0,
          0,
          0,
          0,
          null,
          0,
          null,
          1,
          0,
          0,
          0,
          0,
          null,
          null,
          null,
          null,
          null,
          null,
          1,
          null
        ]
      },
      "/home/hp/Desktop/Blog_Posting/app/models/blog.rb": {
        "lines": [
          null,
          null,
          null,
          1,
          1,
          1,
          null,
          1,
          null,
          1,
          0,
          null,
          null,
          1,
          0,
          null,
          null
        ]
      },
      "/home/hp/Desktop/Blog_Posting/app/admin/dashboard.rb": {
        "lines": [
          null,
          null,
          1,
          1,
          null,
          1,
          0,
          0,
          0,
          0,
          null,
          null,
          null,
          null,
          null,
          null,
          null,
          null,
          null,
          null,
          null,
          null,
          null,
          null,
          null,
          null,
          null,
          null,
          null,
          null,
          null,
          null,
          null,
          null
        ]
      },
      "/home/hp/Desktop/Blog_Posting/app/admin/plans.rb": {
        "lines": [
          null,
          null,
          1,
          1,
          0,
          0,
          0,
          0,
          0,
          0,
          null,
          1,
          1,
          1,
          0,
          0,
          0,
          0,
          0,
          null,
          0,
          null,
          1,
          0,
          0,
          0,
          0,
          0,
          null,
          null,
          1,
          null
        ]
      },
      "/home/hp/Desktop/Blog_Posting/app/models/plan.rb": {
        "lines": [
          null,
          null,
          null,
          1,
          1,
          1,
          1,
          1,
          1,
          1,
          0,
          null,
          null,
          1,
          0,
          null,
          null
        ]
      },
      "/home/hp/Desktop/Blog_Posting/app/admin/subscriptions.rb": {
        "lines": [
          null,
          null,
          1,
          1,
          0,
          0,
          0,
          0,
          0,
          0,
          0,
          null,
          1,
          1,
          1,
          1,
          null,
          1,
          0,
          0,
          0,
          0,
          0,
          0,
          0,
          null,
          0,
          null,
          1,
          0,
          0,
          0,
          0,
          0,
          0,
          0,
          null,
          null,
          1,
          null
        ]
      },
      "/home/hp/Desktop/Blog_Posting/app/models/subscription.rb": {
        "lines": [
          null,
          null,
          null,
          1,
          1,
          1,
          1,
          1,
          null,
          1,
          0,
          null,
          0,
          0,
          null,
          null,
          1,
          0,
          null,
          null
        ]
      },
      "/home/hp/Desktop/Blog_Posting/app/admin/users.rb": {
        "lines": [
          null,
          null,
          1,
          null,
          null,
          null,
          null,
          null,
          null,
          null,
          null,
          null,
          null,
          null,
          null,
          null,
          null,
          1,
          0,
          0,
          0,
          0,
          0,
          null,
          1,
          1,
          1,
          null,
          1,
          1,
          0,
          0,
          0,
          0,
          0,
          0,
          0,
          0,
          null,
          0,
          null,
          1,
          0,
          0,
          0,
          0,
          0,
          0,
          0,
          null,
          null,
          null,
          null,
          null,
          null,
          null,
          null,
          1,
          null
        ]
      },
      "/home/hp/Desktop/Blog_Posting/app/models/user.rb": {
        "lines": [
          null,
          null,
          null,
          1,
          1,
          1,
          1,
          1,
          1,
          1,
          null,
          1,
          null,
          1,
          null,
          null,
          null,
          null,
          null,
          null,
          null,
          1,
          27,
          null,
          1,
          0,
          null,
          0,
          null,
          null,
          1,
          0,
          0,
          null,
          null,
          1,
          0,
          null,
          null,
          1,
          0,
          0,
          null,
          null,
          1,
          0,
          null,
          null,
          1,
          0,
          null,
          null,
          1,
          0,
          null,
          null,
          null,
          1,
          0,
          null,
          null,
          1,
          null,
          1,
          13,
          null,
          null
        ]
      },
      "/home/hp/Desktop/Blog_Posting/app/controllers/subscriptions_controller.rb": {
        "lines": [
          null,
          null,
          null,
          1,
          1,
          1,
          1,
          1,
          1,
          1,
          null,
          null,
          1,
          1,
          null,
          null,
          1,
          2,
          null,
          1,
          1,
          null,
          null,
          null,
          null,
          null,
          null,
          null,
          1,
          null,
          null,
          1,
          2,
          1,
          null,
          1,
          null,
          null,
          null,
          1,
          1,
          1,
          null,
          0,
          null,
          null,
          null,
          1,
          null,
          1,
          8,
          null,
          null,
          null,
          null,
          null,
          null,
          null,
          null,
          null,
          1,
          2,
          1,
          null,
          1,
          null,
          null,
          null,
          null,
          1,
          3,
          null,
          null,
          1,
          8,
          2,
          null,
          null,
          null,
          null
        ]
      },
      "/home/hp/Desktop/Blog_Posting/app/models/normal.rb": {
        "lines": [
          null,
          null,
          null,
          1,
          null
        ]
      },
      "/home/hp/Desktop/Blog_Posting/app/models/ability.rb": {
        "lines": [
          null,
          null,
          null,
          1,
          1,
          null,
          1,
          7,
          7,
          null,
          null,
          7,
          7,
          7,
          7,
          7,
          7,
          7,
          7,
          7,
          7,
          7,
          null,
          null
        ]
      },
      "/home/hp/Desktop/Blog_Posting/app/serializers/subscription_serializer.rb": {
        "lines": [
          null,
          null,
          null,
          1,
          1,
          null
        ]
      },
      "/home/hp/Desktop/Blog_Posting/app/channels/application_cable/channel.rb": {
        "lines": [
          null,
          null,
          0,
          0,
          0,
          0
        ],
        "branches": {
        }
      },
      "/home/hp/Desktop/Blog_Posting/app/channels/application_cable/connection.rb": {
        "lines": [
          null,
          null,
          0,
          0,
          0,
          0
        ],
        "branches": {
        }
      },
      "/home/hp/Desktop/Blog_Posting/app/controllers/authentication_controller.rb": {
        "lines": [
          null,
          null,
          null,
          0,
          0,
          0,
          0,
          0,
          0,
          0,
          0,
          0,
          0,
          0,
          0,
          0
        ],
        "branches": {
        }
      },
      "/home/hp/Desktop/Blog_Posting/app/controllers/blogs_controller.rb": {
        "lines": [
          null,
          null,
          null,
          0,
          0,
          0,
          0,
          null,
          0,
          0,
          0,
          0,
          0,
          0,
          0,
          0,
          0,
          0,
          0,
          0,
          null,
          0,
          0,
          null,
          0,
          0,
          0,
          0,
          0,
          0,
          0,
          0,
          0,
          null,
          0,
          0,
          0,
          null,
          0,
          0,
          null,
          0,
          0,
          0,
          0,
          0,
          0,
          0,
          0,
          0,
          null,
          0,
          0,
          0,
          0,
          0,
          0,
          0,
          0,
          null,
          0,
          0,
          0,
          0,
          0,
          null,
          0,
          0,
          0,
          0,
          0,
          0,
          0,
          null,
          0,
          0,
          null,
          0,
          0,
          null,
          0,
          0,
          0,
          null,
          0,
          null,
          0,
          0,
          0,
          0,
          0,
          0,
          0,
          null,
          0,
          0,
          0,
          0
        ],
        "branches": {
        }
      },
      "/home/hp/Desktop/Blog_Posting/app/controllers/mailers/application_mailer.rb": {
        "lines": [
          null,
          null,
          null,
          0,
          0,
          0,
          0
        ],
        "branches": {
        }
      },
      "/home/hp/Desktop/Blog_Posting/app/controllers/mailers/user_mailer.rb": {
        "lines": [
          null,
          null,
          null,
          0,
          0,
          0,
          0,
          0,
          null,
          0,
          0,
          0,
          0,
          null,
          0,
          0,
          0,
          0,
          0
        ],
        "branches": {
        }
      },
      "/home/hp/Desktop/Blog_Posting/app/controllers/plans_controller.rb": {
        "lines": [
          null,
          null,
          null,
          0,
          0,
          0,
          null,
          0,
          0,
          0,
          0,
          null,
          0,
          0,
          0,
          null,
          0,
          0,
          0,
          0,
          0,
          0,
          0,
          0,
          null,
          0,
          0,
          0,
          0,
          0,
          0,
          0,
          null,
          0,
          0,
          0,
          0,
          0,
          0,
          0,
          0,
          null,
          0,
          null,
          0,
          0,
          0,
          0,
          0,
          0,
          0,
          0,
          null,
          0,
          0,
          0,
          null,
          0,
          0,
          0
        ],
        "branches": {
        }
      },
      "/home/hp/Desktop/Blog_Posting/app/controllers/users_controller.rb": {
        "lines": [
          null,
          null,
          null,
          0,
          0,
          0,
          0,
          0,
          0,
          0,
          null,
          0,
          null,
          0,
          0,
          0,
          null,
          0,
          0,
          0,
          null,
          0,
          0,
          0,
          0,
          0,
          null,
          0,
          0,
          0,
          0,
          0,
          null,
          0,
          0,
          0,
          0,
          null,
          0,
          0,
          0,
          0,
          0,
          null,
          0,
          0,
          null,
          0,
          0,
          0,
          0,
          0,
          0,
          0,
          null,
          0,
          null,
          0,
          0,
          0,
          0,
          0,
          0,
          0,
          0,
          0,
          0,
          null,
          0,
          0,
          null,
          0,
          0,
          0,
          0
        ],
        "branches": {
        }
      },
      "/home/hp/Desktop/Blog_Posting/app/jobs/application_job.rb": {
        "lines": [
          null,
          null,
          null,
          0,
          null,
          null,
          null,
          null,
          null,
          0
        ],
        "branches": {
        }
      },
      "/home/hp/Desktop/Blog_Posting/app/mailers/application_mailer.rb": {
        "lines": [
          null,
          null,
          null,
          0,
          0,
          0,
          0
        ],
        "branches": {
        }
      },
      "/home/hp/Desktop/Blog_Posting/app/mailers/user_mailer.rb": {
        "lines": [
          null,
          null,
          null,
          0,
          0,
          0,
          0,
          0,
          null,
          0,
          0,
          0,
          0,
          null,
          0,
          0,
          0,
          0,
          0
        ],
        "branches": {
        }
      },
      "/home/hp/Desktop/Blog_Posting/app/models/premium.rb": {
        "lines": [
          null,
          null,
          null,
          0,
          0
        ],
        "branches": {
        }
      },
      "/home/hp/Desktop/Blog_Posting/app/serializers/blog_serializer.rb": {
        "lines": [
          null,
          null,
          null,
          0,
          0,
          0
        ],
        "branches": {
        }
      },
      "/home/hp/Desktop/Blog_Posting/app/serializers/plan_serializer.rb": {
        "lines": [
          null,
          null,
          null,
          0,
          0,
          0
        ],
        "branches": {
        }
      },
      "/home/hp/Desktop/Blog_Posting/app/serializers/user_serializer.rb": {
        "lines": [
          null,
          null,
          null,
          0,
          0,
          null,
          0,
          0,
          0,
          0
        ],
        "branches": {
        }
      },
      "/home/hp/Desktop/Blog_Posting/app/workers/auto_renewal_worker.rb": {
        "lines": [
          null,
          null,
          null,
          0,
          0,
          0,
          0,
          0,
          null,
          null,
          null,
          0,
          0
        ],
        "branches": {
        }
      },
      "/home/hp/Desktop/Blog_Posting/app/workers/expiration_notification_worker.rb": {
        "lines": [
          null,
          null,
          null,
          0,
          0,
          0,
          0,
          0,
          0,
          0,
          0,
          0
        ],
        "branches": {
        }
      },
      "/home/hp/Desktop/Blog_Posting/app/workers/reset_blog_view_worker.rb": {
        "lines": [
          null,
          null,
          null,
          0,
          0,
          0,
          0,
          0,
          0
        ],
        "branches": {
        }
      },
      "/home/hp/Desktop/Blog_Posting/app/workers/reset_blog_views_count_worker.rb": {
        "lines": [
          null,
          null,
          null,
          0,
          0,
          0,
          0,
          0,
          0
        ],
        "branches": {
        }
      },
      "/home/hp/Desktop/Blog_Posting/app/workers/update_subscription_status_worker.rb": {
        "lines": [
          null,
          null,
          null,
          0,
          0,
          0,
          0,
          null,
          0,
          0,
          0
        ],
        "branches": {
        }
      }
    },
    "timestamp": 1699532441
  }
}
